# JRE version: Java(TM) SE Runtime Environment (8.0_241-b07) (build 1.8.0_241-b07)
# Java VM: Java HotSpot(TM) 64-Bit Server VM (25.241-b07 mixed mode windows-amd64 compressed oops)
Heap:
 PSYoungGen      total 142336K, used 110956K [0x00000000d5f00000, 0x00000000e2000000, 0x0000000100000000)
  eden space 131584K, 84% used [0x00000000d5f00000,0x00000000dcb5b0e8,0x00000000ddf80000)
  from space 10752K, 0% used [0x00000000e1580000,0x00000000e1580000,0x00000000e2000000)
  to   space 8704K, 0% used [0x00000000ddf80000,0x00000000ddf80000,0x00000000de800000)
 ParOldGen       total 71680K, used 11138K [0x0000000081c00000, 0x0000000086200000, 0x00000000d5f00000)
  object space 71680K, 15% used [0x0000000081c00000,0x00000000826e0af8,0x0000000086200000)
 Metaspace       used 44942K, capacity 47380K, committed 47576K, reserved 1091584K
  class space    used 5955K, capacity 6383K, committed 6400K, reserved 1048576K
GC Heap History (10 events):
Event: 2.744 GC heap before
{Heap before GC invocations=6 (full 1):
 PSYoungGen      total 71680K, used 5098K [0x00000000d5f00000, 0x00000000df100000, 0x0000000100000000)
  eden space 66560K, 0% used [0x00000000d5f00000,0x00000000d5f00000,0x00000000da000000)
  from space 5120K, 99% used [0x00000000da000000,0x00000000da4fabc0,0x00000000da500000)
  to   space 8192K, 0% used [0x00000000de900000,0x00000000de900000,0x00000000df100000)
 ParOldGen       total 87552K, used 5997K [0x0000000081c00000, 0x0000000087180000, 0x00000000d5f00000)
  object space 87552K, 6% used [0x0000000081c00000,0x00000000821db568,0x0000000087180000)
 Metaspace       used 20303K, capacity 21176K, committed 21248K, reserved 1067008K
  class space    used 2525K, capacity 2746K, committed 2816K, reserved 1048576K
Event: 2.775 GC heap after
Heap after GC invocations=6 (full 1):
 PSYoungGen      total 71680K, used 0K [0x00000000d5f00000, 0x00000000df100000, 0x0000000100000000)
  eden space 66560K, 0% used [0x00000000d5f00000,0x00000000d5f00000,0x00000000da000000)
  from space 5120K, 0% used [0x00000000da000000,0x00000000da000000,0x00000000da500000)
  to   space 8192K, 0% used [0x00000000de900000,0x00000000de900000,0x00000000df100000)
 ParOldGen       total 53248K, used 6168K [0x0000000081c00000, 0x0000000085000000, 0x00000000d5f00000)
  object space 53248K, 11% used [0x0000000081c00000,0x0000000082206040,0x0000000085000000)
 Metaspace       used 20303K, capacity 21176K, committed 21248K, reserved 1067008K
  class space    used 2525K, capacity 2746K, committed 2816K, reserved 1048576K
}
Event: 3.841 GC heap before
{Heap before GC invocations=7 (full 1):
 PSYoungGen      total 71680K, used 66560K [0x00000000d5f00000, 0x00000000df100000, 0x0000000100000000)
  eden space 66560K, 100% used [0x00000000d5f00000,0x00000000da000000,0x00000000da000000)
  from space 5120K, 0% used [0x00000000da000000,0x00000000da000000,0x00000000da500000)
  to   space 8192K, 0% used [0x00000000de900000,0x00000000de900000,0x00000000df100000)
 ParOldGen       total 53248K, used 6168K [0x0000000081c00000, 0x0000000085000000, 0x00000000d5f00000)
  object space 53248K, 11% used [0x0000000081c00000,0x0000000082206040,0x0000000085000000)
 Metaspace       used 24856K, capacity 26244K, committed 26496K, reserved 1073152K
  class space    used 3174K, capacity 3424K, committed 3456K, reserved 1048576K
Event: 3.850 GC heap after
Heap after GC invocations=7 (full 1):
 PSYoungGen      total 117248K, used 7336K [0x00000000d5f00000, 0x00000000df080000, 0x0000000100000000)
  eden space 109568K, 0% used [0x00000000d5f00000,0x00000000d5f00000,0x00000000dca00000)
  from space 7680K, 95% used [0x00000000de900000,0x00000000df02a038,0x00000000df080000)
  to   space 8704K, 0% used [0x00000000ddf80000,0x00000000ddf80000,0x00000000de800000)
 ParOldGen       total 53248K, used 6176K [0x0000000081c00000, 0x0000000085000000, 0x00000000d5f00000)
  object space 53248K, 11% used [0x0000000081c00000,0x0000000082208040,0x0000000085000000)
 Metaspace       used 24856K, capacity 26244K, committed 26496K, reserved 1073152K
  class space    used 3174K, capacity 3424K, committed 3456K, reserved 1048576K
}
Event: 5.421 GC heap before
{Heap before GC invocations=8 (full 1):
 PSYoungGen      total 117248K, used 116904K [0x00000000d5f00000, 0x00000000df080000, 0x0000000100000000)
  eden space 109568K, 100% used [0x00000000d5f00000,0x00000000dca00000,0x00000000dca00000)
  from space 7680K, 95% used [0x00000000de900000,0x00000000df02a038,0x00000000df080000)
  to   space 8704K, 0% used [0x00000000ddf80000,0x00000000ddf80000,0x00000000de800000)
 ParOldGen       total 53248K, used 6176K [0x0000000081c00000, 0x0000000085000000, 0x00000000d5f00000)
  object space 53248K, 11% used [0x0000000081c00000,0x0000000082208040,0x0000000085000000)
 Metaspace       used 33034K, capacity 35130K, committed 35416K, reserved 1079296K
  class space    used 4266K, capacity 4621K, committed 4736K, reserved 1048576K
Event: 5.435 GC heap after
Heap after GC invocations=8 (full 1):
 PSYoungGen      total 140288K, used 8673K [0x00000000d5f00000, 0x00000000e2000000, 0x0000000100000000)
  eden space 131584K, 0% used [0x00000000d5f00000,0x00000000d5f00000,0x00000000ddf80000)
  from space 8704K, 99% used [0x00000000ddf80000,0x00000000de7f8778,0x00000000de800000)
  to   space 10752K, 0% used [0x00000000e1580000,0x00000000e1580000,0x00000000e2000000)
 ParOldGen       total 53248K, used 8882K [0x0000000081c00000, 0x0000000085000000, 0x00000000d5f00000)
  object space 53248K, 16% used [0x0000000081c00000,0x00000000824aca70,0x0000000085000000)
 Metaspace       used 33034K, capacity 35130K, committed 35416K, reserved 1079296K
  class space    used 4266K, capacity 4621K, committed 4736K, reserved 1048576K
}
Event: 5.489 GC heap before
{Heap before GC invocations=9 (full 1):
 PSYoungGen      total 140288K, used 13729K [0x00000000d5f00000, 0x00000000e2000000, 0x0000000100000000)
  eden space 131584K, 3% used [0x00000000d5f00000,0x00000000d63effd8,0x00000000ddf80000)
  from space 8704K, 99% used [0x00000000ddf80000,0x00000000de7f8778,0x00000000de800000)
  to   space 10752K, 0% used [0x00000000e1580000,0x00000000e1580000,0x00000000e2000000)
 ParOldGen       total 53248K, used 8882K [0x0000000081c00000, 0x0000000085000000, 0x00000000d5f00000)
  object space 53248K, 16% used [0x0000000081c00000,0x00000000824aca70,0x0000000085000000)
 Metaspace       used 33248K, capacity 35292K, committed 35416K, reserved 1079296K
  class space    used 4298K, capacity 4654K, committed 4736K, reserved 1048576K
Event: 5.500 GC heap after
Heap after GC invocations=9 (full 1):
 PSYoungGen      total 142336K, used 6640K [0x00000000d5f00000, 0x00000000e2000000, 0x0000000100000000)
  eden space 131584K, 0% used [0x00000000d5f00000,0x00000000d5f00000,0x00000000ddf80000)
  from space 10752K, 61% used [0x00000000e1580000,0x00000000e1bfc0b8,0x00000000e2000000)
  to   space 8704K, 0% used [0x00000000ddf80000,0x00000000ddf80000,0x00000000de800000)
 ParOldGen       total 53248K, used 8882K [0x0000000081c00000, 0x0000000085000000, 0x00000000d5f00000)
  object space 53248K, 16% used [0x0000000081c00000,0x00000000824aca70,0x0000000085000000)
 Metaspace       used 33248K, capacity 35292K, committed 35416K, reserved 1079296K
  class space    used 4298K, capacity 4654K, committed 4736K, reserved 1048576K
}
Event: 5.500 GC heap before
{Heap before GC invocations=10 (full 2):
 PSYoungGen      total 142336K, used 6640K [0x00000000d5f00000, 0x00000000e2000000, 0x0000000100000000)
  eden space 131584K, 0% used [0x00000000d5f00000,0x00000000d5f00000,0x00000000ddf80000)
  from space 10752K, 61% used [0x00000000e1580000,0x00000000e1bfc0b8,0x00000000e2000000)
  to   space 8704K, 0% used [0x00000000ddf80000,0x00000000ddf80000,0x00000000de800000)
 ParOldGen       total 53248K, used 8882K [0x0000000081c00000, 0x0000000085000000, 0x00000000d5f00000)
  object space 53248K, 16% used [0x0000000081c00000,0x00000000824aca70,0x0000000085000000)
 Metaspace       used 33248K, capacity 35292K, committed 35416K, reserved 1079296K
  class space    used 4298K, capacity 4654K, committed 4736K, reserved 1048576K
Event: 5.587 GC heap after
Heap after GC invocations=10 (full 2):
 PSYoungGen      total 142336K, used 0K [0x00000000d5f00000, 0x00000000e2000000, 0x0000000100000000)
  eden space 131584K, 0% used [0x00000000d5f00000,0x00000000d5f00000,0x00000000ddf80000)
  from space 10752K, 0% used [0x00000000e1580000,0x00000000e1580000,0x00000000e2000000)
  to   space 8704K, 0% used [0x00000000ddf80000,0x00000000ddf80000,0x00000000de800000)
 ParOldGen       total 71680K, used 11138K [0x0000000081c00000, 0x0000000086200000, 0x00000000d5f00000)
  object space 71680K, 15% used [0x0000000081c00000,0x00000000826e0af8,0x0000000086200000)
 Metaspace       used 33248K, capacity 35292K, committed 35416K, reserved 1079296K
  class space    used 4298K, capacity 4654K, committed 4736K, reserved 1048576K
}

