# JRE version: Java(TM) SE Runtime Environment (8.0_241-b07) (build 1.8.0_241-b07)
# Java VM: Java HotSpot(TM) 64-Bit Server VM (25.241-b07 mixed mode windows-amd64 compressed oops)
Heap:
 PSYoungGen      total 115200K, used 107520K [0x00000000d5f00000, 0x00000000df080000, 0x0000000100000000)
  eden space 107520K, 100% used [0x00000000d5f00000,0x00000000dc800000,0x00000000dc800000)
  from space 7680K, 0% used [0x00000000de900000,0x00000000de900000,0x00000000df080000)
  to   space 8704K, 12% used [0x00000000ddf80000,0x00000000de09ad90,0x00000000de800000)
 ParOldGen       total 75776K, used 11429K [0x0000000081c00000, 0x0000000086600000, 0x00000000d5f00000)
  object space 75776K, 15% used [0x0000000081c00000,0x00000000827296a8,0x0000000086600000)
 Metaspace       used 44718K, capacity 47138K, committed 47360K, reserved 1089536K
  class space    used 5910K, capacity 6348K, committed 6400K, reserved 1048576K
GC Heap History (10 events):
Event: 2.232 GC heap before
{Heap before GC invocations=6 (full 1):
 PSYoungGen      total 71680K, used 5104K [0x00000000d5f00000, 0x00000000df100000, 0x0000000100000000)
  eden space 66560K, 0% used [0x00000000d5f00000,0x00000000d5f00000,0x00000000da000000)
  from space 5120K, 99% used [0x00000000da000000,0x00000000da4fc1f8,0x00000000da500000)
  to   space 8192K, 0% used [0x00000000de900000,0x00000000de900000,0x00000000df100000)
 ParOldGen       total 87552K, used 5831K [0x0000000081c00000, 0x0000000087180000, 0x00000000d5f00000)
  object space 87552K, 6% used [0x0000000081c00000,0x00000000821b1ea8,0x0000000087180000)
 Metaspace       used 20308K, capacity 21180K, committed 21296K, reserved 1069056K
  class space    used 2525K, capacity 2746K, committed 2816K, reserved 1048576K
Event: 2.264 GC heap after
Heap after GC invocations=6 (full 1):
 PSYoungGen      total 71680K, used 0K [0x00000000d5f00000, 0x00000000df100000, 0x0000000100000000)
  eden space 66560K, 0% used [0x00000000d5f00000,0x00000000d5f00000,0x00000000da000000)
  from space 5120K, 0% used [0x00000000da000000,0x00000000da000000,0x00000000da500000)
  to   space 8192K, 0% used [0x00000000de900000,0x00000000de900000,0x00000000df100000)
 ParOldGen       total 54272K, used 6195K [0x0000000081c00000, 0x0000000085100000, 0x00000000d5f00000)
  object space 54272K, 11% used [0x0000000081c00000,0x000000008220cca8,0x0000000085100000)
 Metaspace       used 20308K, capacity 21180K, committed 21296K, reserved 1069056K
  class space    used 2525K, capacity 2746K, committed 2816K, reserved 1048576K
}
Event: 3.278 GC heap before
{Heap before GC invocations=7 (full 1):
 PSYoungGen      total 71680K, used 66560K [0x00000000d5f00000, 0x00000000df100000, 0x0000000100000000)
  eden space 66560K, 100% used [0x00000000d5f00000,0x00000000da000000,0x00000000da000000)
  from space 5120K, 0% used [0x00000000da000000,0x00000000da000000,0x00000000da500000)
  to   space 8192K, 0% used [0x00000000de900000,0x00000000de900000,0x00000000df100000)
 ParOldGen       total 54272K, used 6195K [0x0000000081c00000, 0x0000000085100000, 0x00000000d5f00000)
  object space 54272K, 11% used [0x0000000081c00000,0x000000008220cca8,0x0000000085100000)
 Metaspace       used 24860K, capacity 26256K, committed 26496K, reserved 1073152K
  class space    used 3175K, capacity 3424K, committed 3456K, reserved 1048576K
Event: 3.285 GC heap after
Heap after GC invocations=7 (full 1):
 PSYoungGen      total 115200K, used 7358K [0x00000000d5f00000, 0x00000000df080000, 0x0000000100000000)
  eden space 107520K, 0% used [0x00000000d5f00000,0x00000000d5f00000,0x00000000dc800000)
  from space 7680K, 95% used [0x00000000de900000,0x00000000df02f9e0,0x00000000df080000)
  to   space 8704K, 0% used [0x00000000ddf80000,0x00000000ddf80000,0x00000000de800000)
 ParOldGen       total 54272K, used 6203K [0x0000000081c00000, 0x0000000085100000, 0x00000000d5f00000)
  object space 54272K, 11% used [0x0000000081c00000,0x000000008220eca8,0x0000000085100000)
 Metaspace       used 24860K, capacity 26256K, committed 26496K, reserved 1073152K
  class space    used 3175K, capacity 3424K, committed 3456K, reserved 1048576K
}
Event: 4.803 GC heap before
{Heap before GC invocations=8 (full 1):
 PSYoungGen      total 115200K, used 114878K [0x00000000d5f00000, 0x00000000df080000, 0x0000000100000000)
  eden space 107520K, 100% used [0x00000000d5f00000,0x00000000dc800000,0x00000000dc800000)
  from space 7680K, 95% used [0x00000000de900000,0x00000000df02f9e0,0x00000000df080000)
  to   space 8704K, 0% used [0x00000000ddf80000,0x00000000ddf80000,0x00000000de800000)
 ParOldGen       total 54272K, used 6203K [0x0000000081c00000, 0x0000000085100000, 0x00000000d5f00000)
  object space 54272K, 11% used [0x0000000081c00000,0x000000008220eca8,0x0000000085100000)
 Metaspace       used 32920K, capacity 35006K, committed 35200K, reserved 1079296K
  class space    used 4251K, capacity 4621K, committed 4736K, reserved 1048576K
Event: 4.816 GC heap after
Heap after GC invocations=8 (full 1):
 PSYoungGen      total 116224K, used 8700K [0x00000000d5f00000, 0x00000000df080000, 0x0000000100000000)
  eden space 107520K, 0% used [0x00000000d5f00000,0x00000000d5f00000,0x00000000dc800000)
  from space 8704K, 99% used [0x00000000ddf80000,0x00000000de7ff058,0x00000000de800000)
  to   space 7680K, 0% used [0x00000000de900000,0x00000000de900000,0x00000000df080000)
 ParOldGen       total 54272K, used 8624K [0x0000000081c00000, 0x0000000085100000, 0x00000000d5f00000)
  object space 54272K, 15% used [0x0000000081c00000,0x000000008246c0a0,0x0000000085100000)
 Metaspace       used 32920K, capacity 35006K, committed 35200K, reserved 1079296K
  class space    used 4251K, capacity 4621K, committed 4736K, reserved 1048576K
}
Event: 4.860 GC heap before
{Heap before GC invocations=9 (full 1):
 PSYoungGen      total 116224K, used 16689K [0x00000000d5f00000, 0x00000000df080000, 0x0000000100000000)
  eden space 107520K, 7% used [0x00000000d5f00000,0x00000000d66cd410,0x00000000dc800000)
  from space 8704K, 99% used [0x00000000ddf80000,0x00000000de7ff058,0x00000000de800000)
  to   space 7680K, 0% used [0x00000000de900000,0x00000000de900000,0x00000000df080000)
 ParOldGen       total 54272K, used 8624K [0x0000000081c00000, 0x0000000085100000, 0x00000000d5f00000)
  object space 54272K, 15% used [0x0000000081c00000,0x000000008246c0a0,0x0000000085100000)
 Metaspace       used 33313K, capacity 35360K, committed 35456K, reserved 1079296K
  class space    used 4299K, capacity 4654K, committed 4736K, reserved 1048576K
Event: 4.866 GC heap after
Heap after GC invocations=9 (full 1):
 PSYoungGen      total 115200K, used 6956K [0x00000000d5f00000, 0x00000000df080000, 0x0000000100000000)
  eden space 107520K, 0% used [0x00000000d5f00000,0x00000000d5f00000,0x00000000dc800000)
  from space 7680K, 90% used [0x00000000de900000,0x00000000defcb3e0,0x00000000df080000)
  to   space 8704K, 0% used [0x00000000ddf80000,0x00000000ddf80000,0x00000000de800000)
 ParOldGen       total 54272K, used 8632K [0x0000000081c00000, 0x0000000085100000, 0x00000000d5f00000)
  object space 54272K, 15% used [0x0000000081c00000,0x000000008246e0a0,0x0000000085100000)
 Metaspace       used 33313K, capacity 35360K, committed 35456K, reserved 1079296K
  class space    used 4299K, capacity 4654K, committed 4736K, reserved 1048576K
}
Event: 4.866 GC heap before
{Heap before GC invocations=10 (full 2):
 PSYoungGen      total 115200K, used 6956K [0x00000000d5f00000, 0x00000000df080000, 0x0000000100000000)
  eden space 107520K, 0% used [0x00000000d5f00000,0x00000000d5f00000,0x00000000dc800000)
  from space 7680K, 90% used [0x00000000de900000,0x00000000defcb3e0,0x00000000df080000)
  to   space 8704K, 0% used [0x00000000ddf80000,0x00000000ddf80000,0x00000000de800000)
 ParOldGen       total 54272K, used 8632K [0x0000000081c00000, 0x0000000085100000, 0x00000000d5f00000)
  object space 54272K, 15% used [0x0000000081c00000,0x000000008246e0a0,0x0000000085100000)
 Metaspace       used 33313K, capacity 35360K, committed 35456K, reserved 1079296K
  class space    used 4299K, capacity 4654K, committed 4736K, reserved 1048576K
Event: 4.943 GC heap after
Heap after GC invocations=10 (full 2):
 PSYoungGen      total 115200K, used 0K [0x00000000d5f00000, 0x00000000df080000, 0x0000000100000000)
  eden space 107520K, 0% used [0x00000000d5f00000,0x00000000d5f00000,0x00000000dc800000)
  from space 7680K, 0% used [0x00000000de900000,0x00000000de900000,0x00000000df080000)
  to   space 8704K, 0% used [0x00000000ddf80000,0x00000000ddf80000,0x00000000de800000)
 ParOldGen       total 75776K, used 11429K [0x0000000081c00000, 0x0000000086600000, 0x00000000d5f00000)
  object space 75776K, 15% used [0x0000000081c00000,0x00000000827296a8,0x0000000086600000)
 Metaspace       used 33313K, capacity 35360K, committed 35456K, reserved 1079296K
  class space    used 4299K, capacity 4654K, committed 4736K, reserved 1048576K
}

