# JRE version: Java(TM) SE Runtime Environment (8.0_241-b07) (build 1.8.0_241-b07)
# Java VM: Java HotSpot(TM) 64-Bit Server VM (25.241-b07 mixed mode windows-amd64 compressed oops)
Heap:
 PSYoungGen      total 114176K, used 11524K [0x00000000d5f00000, 0x00000000df080000, 0x0000000100000000)
  eden space 106496K, 10% used [0x00000000d5f00000,0x00000000d6a411e8,0x00000000dc700000)
  from space 7680K, 0% used [0x00000000de900000,0x00000000de900000,0x00000000df080000)
  to   space 8704K, 0% used [0x00000000ddf80000,0x00000000ddf80000,0x00000000de800000)
 ParOldGen       total 76800K, used 11484K [0x0000000081c00000, 0x0000000086700000, 0x00000000d5f00000)
  object space 76800K, 14% used [0x0000000081c00000,0x0000000082737380,0x0000000086700000)
 Metaspace       used 34227K, capacity 36332K, committed 36352K, reserved 1081344K
  class space    used 4482K, capacity 4849K, committed 4864K, reserved 1048576K
GC Heap History (10 events):
Event: 2.224 GC heap before
{Heap before GC invocations=6 (full 1):
 PSYoungGen      total 71680K, used 5099K [0x00000000d5f00000, 0x00000000df100000, 0x0000000100000000)
  eden space 66560K, 0% used [0x00000000d5f00000,0x00000000d5f00000,0x00000000da000000)
  from space 5120K, 99% used [0x00000000da000000,0x00000000da4fad40,0x00000000da500000)
  to   space 8192K, 0% used [0x00000000de900000,0x00000000de900000,0x00000000df100000)
 ParOldGen       total 87552K, used 5980K [0x0000000081c00000, 0x0000000087180000, 0x00000000d5f00000)
  object space 87552K, 6% used [0x0000000081c00000,0x00000000821d7358,0x0000000087180000)
 Metaspace       used 20314K, capacity 21180K, committed 21296K, reserved 1069056K
  class space    used 2527K, capacity 2746K, committed 2816K, reserved 1048576K
Event: 2.259 GC heap after
Heap after GC invocations=6 (full 1):
 PSYoungGen      total 71680K, used 0K [0x00000000d5f00000, 0x00000000df100000, 0x0000000100000000)
  eden space 66560K, 0% used [0x00000000d5f00000,0x00000000d5f00000,0x00000000da000000)
  from space 5120K, 0% used [0x00000000da000000,0x00000000da000000,0x00000000da500000)
  to   space 8192K, 0% used [0x00000000de900000,0x00000000de900000,0x00000000df100000)
 ParOldGen       total 54784K, used 6200K [0x0000000081c00000, 0x0000000085180000, 0x00000000d5f00000)
  object space 54784K, 11% used [0x0000000081c00000,0x000000008220e0c8,0x0000000085180000)
 Metaspace       used 20314K, capacity 21180K, committed 21296K, reserved 1069056K
  class space    used 2527K, capacity 2746K, committed 2816K, reserved 1048576K
}
Event: 3.413 GC heap before
{Heap before GC invocations=7 (full 1):
 PSYoungGen      total 71680K, used 66560K [0x00000000d5f00000, 0x00000000df100000, 0x0000000100000000)
  eden space 66560K, 100% used [0x00000000d5f00000,0x00000000da000000,0x00000000da000000)
  from space 5120K, 0% used [0x00000000da000000,0x00000000da000000,0x00000000da500000)
  to   space 8192K, 0% used [0x00000000de900000,0x00000000de900000,0x00000000df100000)
 ParOldGen       total 54784K, used 6200K [0x0000000081c00000, 0x0000000085180000, 0x00000000d5f00000)
  object space 54784K, 11% used [0x0000000081c00000,0x000000008220e0c8,0x0000000085180000)
 Metaspace       used 24921K, capacity 26346K, committed 26624K, reserved 1073152K
  class space    used 3184K, capacity 3457K, committed 3584K, reserved 1048576K
Event: 3.422 GC heap after
Heap after GC invocations=7 (full 1):
 PSYoungGen      total 114176K, used 7402K [0x00000000d5f00000, 0x00000000df080000, 0x0000000100000000)
  eden space 106496K, 0% used [0x00000000d5f00000,0x00000000d5f00000,0x00000000dc700000)
  from space 7680K, 96% used [0x00000000de900000,0x00000000df03a848,0x00000000df080000)
  to   space 8704K, 0% used [0x00000000ddf80000,0x00000000ddf80000,0x00000000de800000)
 ParOldGen       total 54784K, used 6208K [0x0000000081c00000, 0x0000000085180000, 0x00000000d5f00000)
  object space 54784K, 11% used [0x0000000081c00000,0x00000000822100c8,0x0000000085180000)
 Metaspace       used 24921K, capacity 26346K, committed 26624K, reserved 1073152K
  class space    used 3184K, capacity 3457K, committed 3584K, reserved 1048576K
}
Event: 4.967 GC heap before
{Heap before GC invocations=8 (full 1):
 PSYoungGen      total 114176K, used 113898K [0x00000000d5f00000, 0x00000000df080000, 0x0000000100000000)
  eden space 106496K, 100% used [0x00000000d5f00000,0x00000000dc700000,0x00000000dc700000)
  from space 7680K, 96% used [0x00000000de900000,0x00000000df03a848,0x00000000df080000)
  to   space 8704K, 0% used [0x00000000ddf80000,0x00000000ddf80000,0x00000000de800000)
 ParOldGen       total 54784K, used 6208K [0x0000000081c00000, 0x0000000085180000, 0x00000000d5f00000)
  object space 54784K, 11% used [0x0000000081c00000,0x00000000822100c8,0x0000000085180000)
 Metaspace       used 32877K, capacity 34910K, committed 35072K, reserved 1079296K
  class space    used 4240K, capacity 4589K, committed 4608K, reserved 1048576K
Event: 4.981 GC heap after
Heap after GC invocations=8 (full 1):
 PSYoungGen      total 115200K, used 8678K [0x00000000d5f00000, 0x00000000df080000, 0x0000000100000000)
  eden space 106496K, 0% used [0x00000000d5f00000,0x00000000d5f00000,0x00000000dc700000)
  from space 8704K, 99% used [0x00000000ddf80000,0x00000000de7f9958,0x00000000de800000)
  to   space 7680K, 0% used [0x00000000de900000,0x00000000de900000,0x00000000df080000)
 ParOldGen       total 54784K, used 8473K [0x0000000081c00000, 0x0000000085180000, 0x00000000d5f00000)
  object space 54784K, 15% used [0x0000000081c00000,0x0000000082446710,0x0000000085180000)
 Metaspace       used 32877K, capacity 34910K, committed 35072K, reserved 1079296K
  class space    used 4240K, capacity 4589K, committed 4608K, reserved 1048576K
}
Event: 5.048 GC heap before
{Heap before GC invocations=9 (full 1):
 PSYoungGen      total 115200K, used 18491K [0x00000000d5f00000, 0x00000000df080000, 0x0000000100000000)
  eden space 106496K, 9% used [0x00000000d5f00000,0x00000000d6895498,0x00000000dc700000)
  from space 8704K, 99% used [0x00000000ddf80000,0x00000000de7f9958,0x00000000de800000)
  to   space 7680K, 0% used [0x00000000de900000,0x00000000de900000,0x00000000df080000)
 ParOldGen       total 54784K, used 8473K [0x0000000081c00000, 0x0000000085180000, 0x00000000d5f00000)
  object space 54784K, 15% used [0x0000000081c00000,0x0000000082446710,0x0000000085180000)
 Metaspace       used 33328K, capacity 35360K, committed 35456K, reserved 1079296K
  class space    used 4302K, capacity 4654K, committed 4736K, reserved 1048576K
Event: 5.054 GC heap after
Heap after GC invocations=9 (full 1):
 PSYoungGen      total 114176K, used 7035K [0x00000000d5f00000, 0x00000000df080000, 0x0000000100000000)
  eden space 106496K, 0% used [0x00000000d5f00000,0x00000000d5f00000,0x00000000dc700000)
  from space 7680K, 91% used [0x00000000de900000,0x00000000defded78,0x00000000df080000)
  to   space 8704K, 0% used [0x00000000ddf80000,0x00000000ddf80000,0x00000000de800000)
 ParOldGen       total 54784K, used 8473K [0x0000000081c00000, 0x0000000085180000, 0x00000000d5f00000)
  object space 54784K, 15% used [0x0000000081c00000,0x0000000082446710,0x0000000085180000)
 Metaspace       used 33328K, capacity 35360K, committed 35456K, reserved 1079296K
  class space    used 4302K, capacity 4654K, committed 4736K, reserved 1048576K
}
Event: 5.054 GC heap before
{Heap before GC invocations=10 (full 2):
 PSYoungGen      total 114176K, used 7035K [0x00000000d5f00000, 0x00000000df080000, 0x0000000100000000)
  eden space 106496K, 0% used [0x00000000d5f00000,0x00000000d5f00000,0x00000000dc700000)
  from space 7680K, 91% used [0x00000000de900000,0x00000000defded78,0x00000000df080000)
  to   space 8704K, 0% used [0x00000000ddf80000,0x00000000ddf80000,0x00000000de800000)
 ParOldGen       total 54784K, used 8473K [0x0000000081c00000, 0x0000000085180000, 0x00000000d5f00000)
  object space 54784K, 15% used [0x0000000081c00000,0x0000000082446710,0x0000000085180000)
 Metaspace       used 33328K, capacity 35360K, committed 35456K, reserved 1079296K
  class space    used 4302K, capacity 4654K, committed 4736K, reserved 1048576K
Event: 5.118 GC heap after
Heap after GC invocations=10 (full 2):
 PSYoungGen      total 114176K, used 0K [0x00000000d5f00000, 0x00000000df080000, 0x0000000100000000)
  eden space 106496K, 0% used [0x00000000d5f00000,0x00000000d5f00000,0x00000000dc700000)
  from space 7680K, 0% used [0x00000000de900000,0x00000000de900000,0x00000000df080000)
  to   space 8704K, 0% used [0x00000000ddf80000,0x00000000ddf80000,0x00000000de800000)
 ParOldGen       total 76800K, used 11484K [0x0000000081c00000, 0x0000000086700000, 0x00000000d5f00000)
  object space 76800K, 14% used [0x0000000081c00000,0x0000000082737380,0x0000000086700000)
 Metaspace       used 33328K, capacity 35360K, committed 35456K, reserved 1079296K
  class space    used 4302K, capacity 4654K, committed 4736K, reserved 1048576K
}

